Error: Job  285220 does not have a corrosponding RUR file: /ufs/RUR/output/rur.output.NCEP-RESTON@285220
Error: Job  285220 does not have a corrosponding RUR file: /ufs/RUR/output/rur.output.NCEP-RESTON@285220
Error: Job  285220 does not have a corrosponding RUR file: /ufs/RUR/output/rur.output.NCEP-RESTON@285220
Error: Job  285220 does not have a corrosponding RUR file: /ufs/RUR/output/rur.output.NCEP-RESTON@285220
Error: Job  285220 does not have a corrosponding RUR file: /ufs/RUR/output/rur.output.NCEP-RESTON@285220
Error: Job  285220 does not have a corrosponding RUR file: /ufs/RUR/output/rur.output.NCEP-RESTON@285220
Error: Job  285220 does not have a corrosponding RUR file: /ufs/RUR/output/rur.output.NCEP-RESTON@285220
Error: Job  285220 does not have a corrosponding RUR file: /ufs/RUR/output/rur.output.NCEP-RESTON@285220
Error: Job  285220 does not have a corrosponding RUR file: /ufs/RUR/output/rur.output.NCEP-RESTON@285220
Error: Job  285220 does not have a corrosponding RUR file: /ufs/RUR/output/rur.output.NCEP-RESTON@285220
Error: Job  285220 does not have a corrosponding RUR file: /ufs/RUR/output/rur.output.NCEP-RESTON@285220
Error: Job  285220 does not have a corrosponding RUR file: /ufs/RUR/output/rur.output.NCEP-RESTON@285220
Error: Job  285220 does not have a corrosponding RUR file: /ufs/RUR/output/rur.output.NCEP-RESTON@285220
Error: Job  285220 does not have a corrosponding RUR file: /ufs/RUR/output/rur.output.NCEP-RESTON@285220
Error: Job  285220 does not have a corrosponding RUR file: /ufs/RUR/output/rur.output.NCEP-RESTON@285220
Error: Job  285220 does not have a corrosponding RUR file: /ufs/RUR/output/rur.output.NCEP-RESTON@285220
Error: Job  285220 does not have a corrosponding RUR file: /ufs/RUR/output/rur.output.NCEP-RESTON@285220
Error: Job  285220 does not have a corrosponding RUR file: /ufs/RUR/output/rur.output.NCEP-RESTON@285220
Error: Job  285220 does not have a corrosponding RUR file: /ufs/RUR/output/rur.output.NCEP-RESTON@285220
Error: Job  285220 does not have a corrosponding RUR file: /ufs/RUR/output/rur.output.NCEP-RESTON@285220
Error: Job  285220 does not have a corrosponding RUR file: /ufs/RUR/output/rur.output.NCEP-RESTON@285220
Error: Job  285220 does not have a corrosponding RUR file: /ufs/RUR/output/rur.output.NCEP-RESTON@285220
Error: Job  285220 does not have a corrosponding RUR file: /ufs/RUR/output/rur.output.NCEP-RESTON@285220
Error: Job  285220 does not have a corrosponding RUR file: /ufs/RUR/output/rur.output.NCEP-RESTON@285220
Error: Job  285220 does not have a corrosponding RUR file: /ufs/RUR/output/rur.output.NCEP-RESTON@285220
Error: Job  285220 does not have a corrosponding RUR file: /ufs/RUR/output/rur.output.NCEP-RESTON@285220
Error: Job  285220 does not have a corrosponding RUR file: /ufs/RUR/output/rur.output.NCEP-RESTON@285220
Error: Job  285220 does not have a corrosponding RUR file: /ufs/RUR/output/rur.output.NCEP-RESTON@285220
Error: Job  285220 does not have a corrosponding RUR file: /ufs/RUR/output/rur.output.NCEP-RESTON@285220
Error: Job  285220 does not have a corrosponding RUR file: /ufs/RUR/output/rur.output.NCEP-RESTON@285220
Error: Job  285220 does not have a corrosponding RUR file: /ufs/RUR/output/rur.output.NCEP-RESTON@285220
Error: Job  285220 does not have a corrosponding RUR file: /ufs/RUR/output/rur.output.NCEP-RESTON@285220
Error: Job  285220 does not have a corrosponding RUR file: /ufs/RUR/output/rur.output.NCEP-RESTON@285220
Error: Job  285220 does not have a corrosponding RUR file: /ufs/RUR/output/rur.output.NCEP-RESTON@285220
Error: Job  285220 does not have a corrosponding RUR file: /ufs/RUR/output/rur.output.NCEP-RESTON@285220
Error: Job  285220 does not have a corrosponding RUR file: /ufs/RUR/output/rur.output.NCEP-RESTON@285220
Error: Job  285220 does not have a corrosponding RUR file: /ufs/RUR/output/rur.output.NCEP-RESTON@285220
Error: Job  285220 does not have a corrosponding RUR file: /ufs/RUR/output/rur.output.NCEP-RESTON@285220
Error: Job  285220 does not have a corrosponding RUR file: /ufs/RUR/output/rur.output.NCEP-RESTON@285220
Error: Job  285220 does not have a corrosponding RUR file: /ufs/RUR/output/rur.output.NCEP-RESTON@285220
Error: Job  285220 does not have a corrosponding RUR file: /ufs/RUR/output/rur.output.NCEP-RESTON@285220
Error: Job  285220 does not have a corrosponding RUR file: /ufs/RUR/output/rur.output.NCEP-RESTON@285220
Error: Job  285220 does not have a corrosponding RUR file: /ufs/RUR/output/rur.output.NCEP-RESTON@285220
Error: Job  285220 does not have a corrosponding RUR file: /ufs/RUR/output/rur.output.NCEP-RESTON@285220
Error: Job  285220 does not have a corrosponding RUR file: /ufs/RUR/output/rur.output.NCEP-RESTON@285220
Error: Job  285220 does not have a corrosponding RUR file: /ufs/RUR/output/rur.output.NCEP-RESTON@285220
Error: Job  285220 does not have a corrosponding RUR file: /ufs/RUR/output/rur.output.NCEP-RESTON@285220
Error: Job  285220 does not have a corrosponding RUR file: /ufs/RUR/output/rur.output.NCEP-RESTON@285220
Error: Job  285220 does not have a corrosponding RUR file: /ufs/RUR/output/rur.output.NCEP-RESTON@285220
Error: Job  285220 does not have a corrosponding RUR file: /ufs/RUR/output/rur.output.NCEP-RESTON@285220
Error: Job  285220 does not have a corrosponding RUR file: /ufs/RUR/output/rur.output.NCEP-RESTON@285220
Error: Job  285220 does not have a corrosponding RUR file: /ufs/RUR/output/rur.output.NCEP-RESTON@285220
Error: Job  285220 does not have a corrosponding RUR file: /ufs/RUR/output/rur.output.NCEP-RESTON@285220
Error: Job  285220 does not have a corrosponding RUR file: /ufs/RUR/output/rur.output.NCEP-RESTON@285220
Error: Job  285220 does not have a corrosponding RUR file: /ufs/RUR/output/rur.output.NCEP-RESTON@285220
Error: Job  285220 does not have a corrosponding RUR file: /ufs/RUR/output/rur.output.NCEP-RESTON@285220
Error: Job  285220 does not have a corrosponding RUR file: /ufs/RUR/output/rur.output.NCEP-RESTON@285220
Error: Job  285220 does not have a corrosponding RUR file: /ufs/RUR/output/rur.output.NCEP-RESTON@285220
Error: Job  285220 does not have a corrosponding RUR file: /ufs/RUR/output/rur.output.NCEP-RESTON@285220
Data collected from /ufs/RUR/output/rur.output.NCEP-RESTON@285220
------------------------------------------------------------------------

ALPS Resource Utilization Report (RUR) Summary for LSF Job: 285220

STATUS:


          APP START:                 2020-02-18:04:53:56 UTC
          APP STOP:                  2020-02-18:05:06:59 UTC
          exit codes:                0 9
          core files:                0

CPU:


          stime:                    89.040000 s
          utime:                    941.580000 s

MEMORY:


          max_rss:                  2123.54 MiB
          accumulated max_rss:      2123.54 MiB
          active(anon):             31.12 MiB
          active(file):             1.35 MiB
          inactive(anon):           2.67 MiB
          inactive(file):           7.72 MiB
          majfaults:                967
          minfaults:                23887723
          pageswpcnt:               0

I/O: 


          rcalls:                   4027009
          wcalls:                   65830
          rchar:                    129916.91 MiB
          wchar:                    708.56 MiB
          bkiowait:                 1.6535213160 s
