Error: Job  164110 does not have a corrosponding RUR file: /ufs/RUR/output/rur.output.NCEP-RESTON@164110
Error: Job  164110 does not have a corrosponding RUR file: /ufs/RUR/output/rur.output.NCEP-RESTON@164110
Data collected from /ufs/RUR/output/rur.output.NCEP-RESTON@164110
------------------------------------------------------------------------

ALPS Resource Utilization Report (RUR) Summary for LSF Job: 164110

STATUS:


          APP START:                 2019-12-23:13:56:02 UTC
          APP STOP:                  2019-12-23:14:26:42 UTC
          exit codes:                0 
          core files:                0

CPU:


          stime:                    155.232000 s
          utime:                    1330.544000 s

MEMORY:


          max_rss:                  2082.87 MiB
          accumulated max_rss:      2082.87 MiB
          active(anon):             67.61 MiB
          active(file):             1.35 MiB
          inactive(anon):           5.14 MiB
          inactive(file):           6.81 MiB
          majfaults:                1029
          minfaults:                45075885
          pageswpcnt:               0

I/O: 


          rcalls:                   5749498
          wcalls:                   179570
          rchar:                    384171.09 MiB
          wchar:                    804.37 MiB
          bkiowait:                 1.4348559250 s
