+ [[ fv3_ww3.exe == fv3_ww3.exe ]]
+ rm -f /scratch1/NCEPDEV/stmp2/Henrique.Alves/scrub/rtgen.273772/exec/fv3_ww3.exe
+ md5sum=/scratch1/NCEPDEV/stmp2/Henrique.Alves/scrub/rtgen.273772/exec/fv3_ww3.exe.md5
+ OPTS=app=coupledFV3_WW3
+ mkdir -p /scratch1/NCEPDEV/stmp2/Henrique.Alves/scrub/rtgen.273772/exec /scratch1/NCEPDEV/stmp2/Henrique.Alves/scrub/rtgen.273772/include
+ rm -f /scratch1/NCEPDEV/stmp2/Henrique.Alves/scrub/rtgen.273772/exec/fv3_ww3.exe /scratch1/NCEPDEV/stmp2/Henrique.Alves/scrub/rtgen.273772/include/modules_fv3_ww3
+ cd /scratch2/NCEPDEV/ocean/Henrique.Alves/GFSv16/UFS/ufs-weather-model
+ which aprun
which: no aprun in (/scratch1/NCEPDEV/nems/emc.nemspara/soft/emc-utils/1.1.0/bin:/apps/hpss:/apps/rocoto/1.3.1/bin:/scratch4/NCEPDEV/marine/save/Todd.Spindler/bin:/usr/lib64/qt-3.3/bin:/usr/local/bin:/usr/bin:/usr/local/sbin:/usr/sbin:/opt/ibutils/bin:/apps/local/bin:/apps/local/sbin:/apps/slurm/default/tools:/apps/slurm/default/bin:/apps/slurm/default/sbin:/apps/slurm/tools/sbank/bin)
+ ./NEMS/NEMSAppBuilder norebuild app=coupledFV3_WW3
ls: cannot access ../conf/component_*.mk: No such file or directory
NEMSAppBuilder: make  app=coupledFV3_WW3 build
Convert /scratch2/NCEPDEV/ocean/Henrique.Alves/GFSv16/UFS/ufs-weather-model/coupledFV3_WW3.appBuilder
...into /scratch2/NCEPDEV/ocean/Henrique.Alves/GFSv16/UFS/ufs-weather-model/coupledFV3_WW3.appBuilder.mk
Include /scratch2/NCEPDEV/ocean/Henrique.Alves/GFSv16/UFS/ufs-weather-model/coupledFV3_WW3.appBuilder.mk
echo 'FMS FV3 WW3' > "/scratch2/NCEPDEV/ocean/Henrique.Alves/GFSv16/UFS/ufs-weather-model/NEMS/src/conf/components.mk"
Adding FV3 makeopts to FMS makeopts
. /scratch2/NCEPDEV/ocean/Henrique.Alves/GFSv16/UFS/ufs-weather-model/NEMS/src/conf/module-setup.sh.inc ; stack=`ulimit -S -s`                  ; ulimit -S -s 200000                     ; module use /scratch2/NCEPDEV/ocean/Henrique.Alves/GFSv16/UFS/ufs-weather-model/NEMS/src/conf                 ; module load modules.nems              ; module list                           ; ulimit -S -s $stack ; cd /scratch2/NCEPDEV/ocean/Henrique.Alves/GFSv16/UFS/ufs-weather-model/FMS/fv3gfs                      ; \
exec make  all

Currently Loaded Modules:
  1) contrib            7) ip/3.0.2      13) g2tmpl/1.6.0    19) esmf/8.0.0
  2) sutils/default     8) nemsio/2.2.4  14) crtm/2.2.6      20) cmake/3.9.0
  3) intel/18.0.5.274   9) sp/2.0.3      15) jasper/1.900.1  21) modules.nems
  4) impi/2018.0.4     10) w3emc/2.3.1   16) png/1.2.44
  5) netcdf/4.7.0      11) w3nco/2.0.7   17) z/1.2.11
  6) bacio/2.0.3       12) g2/3.1.1      18) post/8.0.1

 

make[1]: Entering directory `/scratch2/NCEPDEV/ocean/Henrique.Alves/GFSv16/UFS/ufs-weather-model/FMS/fv3gfs'
mkdir -p "/scratch2/NCEPDEV/ocean/Henrique.Alves/GFSv16/UFS/ufs-weather-model/FMS/FMS_INSTALL"
mv fms.mk "/scratch2/NCEPDEV/ocean/Henrique.Alves/GFSv16/UFS/ufs-weather-model/FMS/FMS_INSTALL/."
cp -fp *.a *.mod ../include/*.h "/scratch2/NCEPDEV/ocean/Henrique.Alves/GFSv16/UFS/ufs-weather-model/FMS/FMS_INSTALL"/.
make[1]: Leaving directory `/scratch2/NCEPDEV/ocean/Henrique.Alves/GFSv16/UFS/ufs-weather-model/FMS/fv3gfs'
test -d /scratch2/NCEPDEV/ocean/Henrique.Alves/GFSv16/UFS/ufs-weather-model/FMS/FMS_INSTALL
Compiling  into /scratch2/NCEPDEV/ocean/Henrique.Alves/GFSv16/UFS/ufs-weather-model/FV3/FV3_INSTALL on hera
cp -fp /scratch2/NCEPDEV/ocean/Henrique.Alves/GFSv16/UFS/ufs-weather-model/NEMS/src/conf/configure.nems \
       "/scratch2/NCEPDEV/ocean/Henrique.Alves/GFSv16/UFS/ufs-weather-model/FV3"/conf/configure.fv3
cp -fp /scratch2/NCEPDEV/ocean/Henrique.Alves/GFSv16/UFS/ufs-weather-model/NEMS/src/conf/modules.nems   \
       "/scratch2/NCEPDEV/ocean/Henrique.Alves/GFSv16/UFS/ufs-weather-model/FV3"/conf/modules.fv3
. /scratch2/NCEPDEV/ocean/Henrique.Alves/GFSv16/UFS/ufs-weather-model/NEMS/src/conf/module-setup.sh.inc ; stack=`ulimit -S -s`                  ; ulimit -S -s 200000                     ; module use /scratch2/NCEPDEV/ocean/Henrique.Alves/GFSv16/UFS/ufs-weather-model/NEMS/src/conf                 ; module load modules.nems              ; module list                           ; ulimit -S -s $stack ; cd /scratch2/NCEPDEV/ocean/Henrique.Alves/GFSv16/UFS/ufs-weather-model/FV3 ; \
  exec make COMP=FV3 COMP_SRCDIR=/scratch2/NCEPDEV/ocean/Henrique.Alves/GFSv16/UFS/ufs-weather-model/FV3 COMP_BINDIR=/scratch2/NCEPDEV/ocean/Henrique.Alves/GFSv16/UFS/ufs-weather-model/FV3/FV3_INSTALL MACHINE_ID=hera FMS_DIR=/scratch2/NCEPDEV/ocean/Henrique.Alves/GFSv16/UFS/ufs-weather-model/FMS/FMS_INSTALL  nemsinstall

Currently Loaded Modules:
  1) contrib            7) ip/3.0.2      13) g2tmpl/1.6.0    19) esmf/8.0.0
  2) sutils/default     8) nemsio/2.2.4  14) crtm/2.2.6      20) cmake/3.9.0
  3) intel/18.0.5.274   9) sp/2.0.3      15) jasper/1.900.1  21) modules.nems
  4) impi/2018.0.4     10) w3emc/2.3.1   16) png/1.2.44
  5) netcdf/4.7.0      11) w3nco/2.0.7   17) z/1.2.11
  6) bacio/2.0.3       12) g2/3.1.1      18) post/8.0.1

 

make[1]: Entering directory `/scratch2/NCEPDEV/ocean/Henrique.Alves/GFSv16/UFS/ufs-weather-model/FV3'
make -C cpl                  FMS_DIR=/scratch2/NCEPDEV/ocean/Henrique.Alves/GFSv16/UFS/ufs-weather-model/FMS/FMS_INSTALL

Build standalone FV3 io ...

make[2]: Entering directory `/scratch2/NCEPDEV/ocean/Henrique.Alves/GFSv16/UFS/ufs-weather-model/FV3/cpl'
make[2]: Nothing to be done for `all'.
make[2]: Leaving directory `/scratch2/NCEPDEV/ocean/Henrique.Alves/GFSv16/UFS/ufs-weather-model/FV3/cpl'
make -C gfsphysics      FMS_DIR=/scratch2/NCEPDEV/ocean/Henrique.Alves/GFSv16/UFS/ufs-weather-model/FMS/FMS_INSTALL 32BIT=N  # force gfs physics to 64bit

Build standalone FV3 gfsphysics ...

make[2]: Entering directory `/scratch2/NCEPDEV/ocean/Henrique.Alves/GFSv16/UFS/ufs-weather-model/FV3/gfsphysics'
make[2]: Nothing to be done for `all'.
make[2]: Leaving directory `/scratch2/NCEPDEV/ocean/Henrique.Alves/GFSv16/UFS/ufs-weather-model/FV3/gfsphysics'
make -C ipd                  FMS_DIR=/scratch2/NCEPDEV/ocean/Henrique.Alves/GFSv16/UFS/ufs-weather-model/FMS/FMS_INSTALL 32BIT=N  # force gfs physics to 64bit

Build standalone FV3 gfsphysics ...

make[2]: Entering directory `/scratch2/NCEPDEV/ocean/Henrique.Alves/GFSv16/UFS/ufs-weather-model/FV3/ipd'
make[2]: Nothing to be done for `all'.
make[2]: Leaving directory `/scratch2/NCEPDEV/ocean/Henrique.Alves/GFSv16/UFS/ufs-weather-model/FV3/ipd'
make -C io                   FMS_DIR=/scratch2/NCEPDEV/ocean/Henrique.Alves/GFSv16/UFS/ufs-weather-model/FMS/FMS_INSTALL

Build standalone FV3 io ...

$ESMF_INC is [-I/scratch1/NCEPDEV/nems/emc.nemspara/soft/esmf/8.0.0-intel18.0.5.274-impi2018.0.4-netcdf4.6.1/mod -I/scratch1/NCEPDEV/nems/emc.nemspara/soft/esmf/8.0.0-intel18.0.5.274-impi2018.0.4-netcdf4.6.1/include -I/apps/netcdf/4.6.1/intel/16.1.150/include]
make[2]: Entering directory `/scratch2/NCEPDEV/ocean/Henrique.Alves/GFSv16/UFS/ufs-weather-model/FV3/io'
make[2]: Nothing to be done for `all'.
make[2]: Leaving directory `/scratch2/NCEPDEV/ocean/Henrique.Alves/GFSv16/UFS/ufs-weather-model/FV3/io'
make -C atmos_cubed_sphere   FMS_DIR=/scratch2/NCEPDEV/ocean/Henrique.Alves/GFSv16/UFS/ufs-weather-model/FMS/FMS_INSTALL

Build standalone FV3 fv3core ...

make[2]: Entering directory `/scratch2/NCEPDEV/ocean/Henrique.Alves/GFSv16/UFS/ufs-weather-model/FV3/atmos_cubed_sphere'
make[2]: Nothing to be done for `all'.
make[2]: Leaving directory `/scratch2/NCEPDEV/ocean/Henrique.Alves/GFSv16/UFS/ufs-weather-model/FV3/atmos_cubed_sphere'
make -C ../stochastic_physics   FMS_DIR=/scratch2/NCEPDEV/ocean/Henrique.Alves/GFSv16/UFS/ufs-weather-model/FMS/FMS_INSTALL 32BIT=N  # force gfs physics to 64bit

Build standalone FV3 stochastic_physics ...

make[2]: Entering directory `/scratch2/NCEPDEV/ocean/Henrique.Alves/GFSv16/UFS/ufs-weather-model/stochastic_physics'
make[2]: Nothing to be done for `all'.
make[2]: Leaving directory `/scratch2/NCEPDEV/ocean/Henrique.Alves/GFSv16/UFS/ufs-weather-model/stochastic_physics'
make libfv3cap.a  FMS_DIR=/scratch2/NCEPDEV/ocean/Henrique.Alves/GFSv16/UFS/ufs-weather-model/FMS/FMS_INSTALL
make[2]: Entering directory `/scratch2/NCEPDEV/ocean/Henrique.Alves/GFSv16/UFS/ufs-weather-model/FV3'
make[2]: `libfv3cap.a' is up to date.
make[2]: Leaving directory `/scratch2/NCEPDEV/ocean/Henrique.Alves/GFSv16/UFS/ufs-weather-model/FV3'
make esmf_make_fragment FMS_DIR=/scratch2/NCEPDEV/ocean/Henrique.Alves/GFSv16/UFS/ufs-weather-model/FMS/FMS_INSTALL
make[2]: Entering directory `/scratch2/NCEPDEV/ocean/Henrique.Alves/GFSv16/UFS/ufs-weather-model/FV3'
# additional include files needed for PGI
#@echo "ESMF_DEP_INCPATH   = /scratch2/NCEPDEV/ocean/Henrique.Alves/GFSv16/UFS/ufs-weather-model/FV3/nems_dir" >> fv3.mk

Finished generating ESMF self-describing build dependency makefile fragment: fv3.mk

make[2]: Leaving directory `/scratch2/NCEPDEV/ocean/Henrique.Alves/GFSv16/UFS/ufs-weather-model/FV3'
Installation into "/scratch2/NCEPDEV/ocean/Henrique.Alves/GFSv16/UFS/ufs-weather-model/FV3/FV3_INSTALL" complete!

make[1]: Leaving directory `/scratch2/NCEPDEV/ocean/Henrique.Alves/GFSv16/UFS/ufs-weather-model/FV3'
test -d /scratch2/NCEPDEV/ocean/Henrique.Alves/GFSv16/UFS/ufs-weather-model/FV3/FV3_INSTALL
. /scratch2/NCEPDEV/ocean/Henrique.Alves/GFSv16/UFS/ufs-weather-model/NEMS/src/conf/module-setup.sh.inc ; stack=`ulimit -S -s`                  ; ulimit -S -s 200000                     ; module use /scratch2/NCEPDEV/ocean/Henrique.Alves/GFSv16/UFS/ufs-weather-model/NEMS/src/conf                 ; module load modules.nems              ; module list                           ; ulimit -S -s $stack ; set -x ; cd /scratch2/NCEPDEV/ocean/Henrique.Alves/GFSv16/UFS/ufs-weather-model/WW3/model/esmf       ; \
export COMP_SRCDIR="/scratch2/NCEPDEV/ocean/Henrique.Alves/GFSv16/UFS/ufs-weather-model/WW3/model" COMP_BINDIR="/scratch2/NCEPDEV/ocean/Henrique.Alves/GFSv16/UFS/ufs-weather-model/WW3/WW3_INSTALL" WW3_COMP="hera"                                  ; \
exec make -j 1 WW3_COMP="hera" ww3_nems

Currently Loaded Modules:
  1) contrib            7) ip/3.0.2      13) g2tmpl/1.6.0    19) esmf/8.0.0
  2) sutils/default     8) nemsio/2.2.4  14) crtm/2.2.6      20) cmake/3.9.0
  3) intel/18.0.5.274   9) sp/2.0.3      15) jasper/1.900.1  21) modules.nems
  4) impi/2018.0.4     10) w3emc/2.3.1   16) png/1.2.44
  5) netcdf/4.7.0      11) w3nco/2.0.7   17) z/1.2.11
  6) bacio/2.0.3       12) g2/3.1.1      18) post/8.0.1

 

+ cd /scratch2/NCEPDEV/ocean/Henrique.Alves/GFSv16/UFS/ufs-weather-model/WW3/model/esmf
+ export COMP_SRCDIR=/scratch2/NCEPDEV/ocean/Henrique.Alves/GFSv16/UFS/ufs-weather-model/WW3/model COMP_BINDIR=/scratch2/NCEPDEV/ocean/Henrique.Alves/GFSv16/UFS/ufs-weather-model/WW3/WW3_INSTALL WW3_COMP=hera
+ COMP_SRCDIR=/scratch2/NCEPDEV/ocean/Henrique.Alves/GFSv16/UFS/ufs-weather-model/WW3/model
+ COMP_BINDIR=/scratch2/NCEPDEV/ocean/Henrique.Alves/GFSv16/UFS/ufs-weather-model/WW3/WW3_INSTALL
+ WW3_COMP=hera
+ exec make -j 1 WW3_COMP=hera ww3_nems
make[1]: Entering directory `/scratch2/NCEPDEV/ocean/Henrique.Alves/GFSv16/UFS/ufs-weather-model/WW3/model/esmf'
 
                *****************************
              ***   WAVEWATCH III setup     ***
                *****************************
 
 
[INFO] local env file wwatch3.env found in /scratch2/NCEPDEV/ocean/Henrique.Alves/GFSv16/UFS/ufs-weather-model/WW3/model/bin/wwatch3.env
   Setup file /scratch2/NCEPDEV/ocean/Henrique.Alves/GFSv16/UFS/ufs-weather-model/WW3/model/bin/wwatch3.env found
      Printer (listings)          : 
      auxiliary FORTRAN compiler  : gfortran
      auxiliary C compiler        : gcc
      Source directory            : /scratch2/NCEPDEV/ocean/Henrique.Alves/GFSv16/UFS/ufs-weather-model/WW3/model
      Scratch directory           : /scratch2/NCEPDEV/ocean/Henrique.Alves/GFSv16/UFS/ufs-weather-model/WW3/model/tmp
      Save source code            : yes
      Save listings               : yes
 
   Setup makefile for auxiliary programs
 
 
   Compile auxiliary programs
make[2]: Entering directory `/scratch2/NCEPDEV/ocean/Henrique.Alves/GFSv16/UFS/ufs-weather-model/WW3/model/aux'
make[2]: Nothing to be done for `all'.
make[2]: Leaving directory `/scratch2/NCEPDEV/ocean/Henrique.Alves/GFSv16/UFS/ufs-weather-model/WW3/model/aux'
 
 
   Setup comp & link files
      sed /scratch2/NCEPDEV/ocean/Henrique.Alves/GFSv16/UFS/ufs-weather-model/WW3/model/bin/comp.tmpl => /scratch2/NCEPDEV/ocean/Henrique.Alves/GFSv16/UFS/ufs-weather-model/WW3/model/bin/comp
      sed /scratch2/NCEPDEV/ocean/Henrique.Alves/GFSv16/UFS/ufs-weather-model/WW3/model/bin/link.tmpl => /scratch2/NCEPDEV/ocean/Henrique.Alves/GFSv16/UFS/ufs-weather-model/WW3/model/bin/link
 
   Create required model subdirectories
 
Finished setting up WAVEWATCH III
 
\rm -f /scratch2/NCEPDEV/ocean/Henrique.Alves/GFSv16/UFS/ufs-weather-model/WW3/model/bin/tempswitch
/scratch2/NCEPDEV/ocean/Henrique.Alves/GFSv16/UFS/ufs-weather-model/WW3/model/bin/w3_make ww3_grid
 
                *****************************
              ***   WAVEWATCH III make      ***
                *****************************
 
Main directory    : /scratch2/NCEPDEV/ocean/Henrique.Alves/GFSv16/UFS/ufs-weather-model/WW3/model
Scratch directory : /scratch2/NCEPDEV/ocean/Henrique.Alves/GFSv16/UFS/ufs-weather-model/WW3/model/tmp
Save source codes : yes
Save listings     : yes
Shared Object     : No
 
[INFO] list of the programs selected : ww3_grid
Making makefile ...
 
                *****************************
              ***   WAVEWATCH III makefile  ***
                *****************************
 
switch = /scratch2/NCEPDEV/ocean/Henrique.Alves/GFSv16/UFS/ufs-weather-model/WW3/model/bin/switch
   new GRIB package
   Checking all subroutines for modules (this may take a while) ...
 
Processing ww3_grid
---------------------
make[2]: Entering directory `/scratch2/NCEPDEV/ocean/Henrique.Alves/GFSv16/UFS/ufs-weather-model/WW3/model/ftn'
make[2]: `/scratch2/NCEPDEV/ocean/Henrique.Alves/GFSv16/UFS/ufs-weather-model/WW3/model/exe/ww3_grid' is up to date.
make[2]: Leaving directory `/scratch2/NCEPDEV/ocean/Henrique.Alves/GFSv16/UFS/ufs-weather-model/WW3/model/ftn'
 
 
                       **********************
                     *** end of compilation ***
                       **********************
 
/scratch2/NCEPDEV/ocean/Henrique.Alves/GFSv16/UFS/ufs-weather-model/WW3/model/bin/w3_make ww3_outf
 
                *****************************
              ***   WAVEWATCH III make      ***
                *****************************
 
Main directory    : /scratch2/NCEPDEV/ocean/Henrique.Alves/GFSv16/UFS/ufs-weather-model/WW3/model
Scratch directory : /scratch2/NCEPDEV/ocean/Henrique.Alves/GFSv16/UFS/ufs-weather-model/WW3/model/tmp
Save source codes : yes
Save listings     : yes
Shared Object     : No
 
[INFO] list of the programs selected : ww3_outf
 
Processing ww3_outf
---------------------
make[2]: Entering directory `/scratch2/NCEPDEV/ocean/Henrique.Alves/GFSv16/UFS/ufs-weather-model/WW3/model/ftn'
make[2]: `/scratch2/NCEPDEV/ocean/Henrique.Alves/GFSv16/UFS/ufs-weather-model/WW3/model/exe/ww3_outf' is up to date.
make[2]: Leaving directory `/scratch2/NCEPDEV/ocean/Henrique.Alves/GFSv16/UFS/ufs-weather-model/WW3/model/ftn'
 
 
                       **********************
                     *** end of compilation ***
                       **********************
 
/scratch2/NCEPDEV/ocean/Henrique.Alves/GFSv16/UFS/ufs-weather-model/WW3/model/bin/w3_make ww3_outp
 
                *****************************
              ***   WAVEWATCH III make      ***
                *****************************
 
Main directory    : /scratch2/NCEPDEV/ocean/Henrique.Alves/GFSv16/UFS/ufs-weather-model/WW3/model
Scratch directory : /scratch2/NCEPDEV/ocean/Henrique.Alves/GFSv16/UFS/ufs-weather-model/WW3/model/tmp
Save source codes : yes
Save listings     : yes
Shared Object     : No
 
[INFO] list of the programs selected : ww3_outp
 
Processing ww3_outp
---------------------
make[2]: Entering directory `/scratch2/NCEPDEV/ocean/Henrique.Alves/GFSv16/UFS/ufs-weather-model/WW3/model/ftn'
make[2]: `/scratch2/NCEPDEV/ocean/Henrique.Alves/GFSv16/UFS/ufs-weather-model/WW3/model/exe/ww3_outp' is up to date.
make[2]: Leaving directory `/scratch2/NCEPDEV/ocean/Henrique.Alves/GFSv16/UFS/ufs-weather-model/WW3/model/ftn'
 
 
                       **********************
                     *** end of compilation ***
                       **********************
 
/scratch2/NCEPDEV/ocean/Henrique.Alves/GFSv16/UFS/ufs-weather-model/WW3/model/bin/w3_make ww3_prep
 
                *****************************
              ***   WAVEWATCH III make      ***
                *****************************
 
Main directory    : /scratch2/NCEPDEV/ocean/Henrique.Alves/GFSv16/UFS/ufs-weather-model/WW3/model
Scratch directory : /scratch2/NCEPDEV/ocean/Henrique.Alves/GFSv16/UFS/ufs-weather-model/WW3/model/tmp
Save source codes : yes
Save listings     : yes
Shared Object     : No
 
[INFO] list of the programs selected : ww3_prep
 
Processing ww3_prep
---------------------
make[2]: Entering directory `/scratch2/NCEPDEV/ocean/Henrique.Alves/GFSv16/UFS/ufs-weather-model/WW3/model/ftn'
make[2]: `/scratch2/NCEPDEV/ocean/Henrique.Alves/GFSv16/UFS/ufs-weather-model/WW3/model/exe/ww3_prep' is up to date.
make[2]: Leaving directory `/scratch2/NCEPDEV/ocean/Henrique.Alves/GFSv16/UFS/ufs-weather-model/WW3/model/ftn'
 
 
                       **********************
                     *** end of compilation ***
                       **********************
 
/scratch2/NCEPDEV/ocean/Henrique.Alves/GFSv16/UFS/ufs-weather-model/WW3/model/bin/w3_make ww3_gint
 
                *****************************
              ***   WAVEWATCH III make      ***
                *****************************
 
Main directory    : /scratch2/NCEPDEV/ocean/Henrique.Alves/GFSv16/UFS/ufs-weather-model/WW3/model
Scratch directory : /scratch2/NCEPDEV/ocean/Henrique.Alves/GFSv16/UFS/ufs-weather-model/WW3/model/tmp
Save source codes : yes
Save listings     : yes
Shared Object     : No
 
[INFO] list of the programs selected : ww3_gint
 
Processing ww3_gint
---------------------
make[2]: Entering directory `/scratch2/NCEPDEV/ocean/Henrique.Alves/GFSv16/UFS/ufs-weather-model/WW3/model/ftn'
make[2]: `/scratch2/NCEPDEV/ocean/Henrique.Alves/GFSv16/UFS/ufs-weather-model/WW3/model/exe/ww3_gint' is up to date.
make[2]: Leaving directory `/scratch2/NCEPDEV/ocean/Henrique.Alves/GFSv16/UFS/ufs-weather-model/WW3/model/ftn'
 
 
                       **********************
                     *** end of compilation ***
                       **********************
 
/scratch2/NCEPDEV/ocean/Henrique.Alves/GFSv16/UFS/ufs-weather-model/WW3/model/bin/w3_make ww3_prnc
 
                *****************************
              ***   WAVEWATCH III make      ***
                *****************************
 
Main directory    : /scratch2/NCEPDEV/ocean/Henrique.Alves/GFSv16/UFS/ufs-weather-model/WW3/model
Scratch directory : /scratch2/NCEPDEV/ocean/Henrique.Alves/GFSv16/UFS/ufs-weather-model/WW3/model/tmp
Save source codes : yes
Save listings     : yes
Shared Object     : No
 
[INFO] list of the programs selected : ww3_prnc
 
Processing ww3_prnc
---------------------
make[2]: Entering directory `/scratch2/NCEPDEV/ocean/Henrique.Alves/GFSv16/UFS/ufs-weather-model/WW3/model/ftn'
make[2]: `/scratch2/NCEPDEV/ocean/Henrique.Alves/GFSv16/UFS/ufs-weather-model/WW3/model/exe/ww3_prnc' is up to date.
make[2]: Leaving directory `/scratch2/NCEPDEV/ocean/Henrique.Alves/GFSv16/UFS/ufs-weather-model/WW3/model/ftn'
 
 
                       **********************
                     *** end of compilation ***
                       **********************
 
/scratch2/NCEPDEV/ocean/Henrique.Alves/GFSv16/UFS/ufs-weather-model/WW3/model/bin/w3_make ww3_ounf
 
                *****************************
              ***   WAVEWATCH III make      ***
                *****************************
 
Main directory    : /scratch2/NCEPDEV/ocean/Henrique.Alves/GFSv16/UFS/ufs-weather-model/WW3/model
Scratch directory : /scratch2/NCEPDEV/ocean/Henrique.Alves/GFSv16/UFS/ufs-weather-model/WW3/model/tmp
Save source codes : yes
Save listings     : yes
Shared Object     : No
 
[INFO] list of the programs selected : ww3_ounf
 
Processing ww3_ounf
---------------------
make[2]: Entering directory `/scratch2/NCEPDEV/ocean/Henrique.Alves/GFSv16/UFS/ufs-weather-model/WW3/model/ftn'
make[2]: `/scratch2/NCEPDEV/ocean/Henrique.Alves/GFSv16/UFS/ufs-weather-model/WW3/model/exe/ww3_ounf' is up to date.
make[2]: Leaving directory `/scratch2/NCEPDEV/ocean/Henrique.Alves/GFSv16/UFS/ufs-weather-model/WW3/model/ftn'
 
 
                       **********************
                     *** end of compilation ***
                       **********************
 
/scratch2/NCEPDEV/ocean/Henrique.Alves/GFSv16/UFS/ufs-weather-model/WW3/model/bin/w3_make ww3_ounp
 
                *****************************
              ***   WAVEWATCH III make      ***
                *****************************
 
Main directory    : /scratch2/NCEPDEV/ocean/Henrique.Alves/GFSv16/UFS/ufs-weather-model/WW3/model
Scratch directory : /scratch2/NCEPDEV/ocean/Henrique.Alves/GFSv16/UFS/ufs-weather-model/WW3/model/tmp
Save source codes : yes
Save listings     : yes
Shared Object     : No
 
[INFO] list of the programs selected : ww3_ounp
 
Processing ww3_ounp
---------------------
make[2]: Entering directory `/scratch2/NCEPDEV/ocean/Henrique.Alves/GFSv16/UFS/ufs-weather-model/WW3/model/ftn'
make[2]: `/scratch2/NCEPDEV/ocean/Henrique.Alves/GFSv16/UFS/ufs-weather-model/WW3/model/exe/ww3_ounp' is up to date.
make[2]: Leaving directory `/scratch2/NCEPDEV/ocean/Henrique.Alves/GFSv16/UFS/ufs-weather-model/WW3/model/ftn'
 
 
                       **********************
                     *** end of compilation ***
                       **********************
 
\rm -f /scratch2/NCEPDEV/ocean/Henrique.Alves/GFSv16/UFS/ufs-weather-model/WW3/model/bin/tempswitch
/scratch2/NCEPDEV/ocean/Henrique.Alves/GFSv16/UFS/ufs-weather-model/WW3/model/bin/w3_make ww3_grib
 
                *****************************
              ***   WAVEWATCH III make      ***
                *****************************
 
Main directory    : /scratch2/NCEPDEV/ocean/Henrique.Alves/GFSv16/UFS/ufs-weather-model/WW3/model
Scratch directory : /scratch2/NCEPDEV/ocean/Henrique.Alves/GFSv16/UFS/ufs-weather-model/WW3/model/tmp
Save source codes : yes
Save listings     : yes
Shared Object     : No
 
[INFO] list of the programs selected : ww3_grib
Making makefile ...
 
                *****************************
              ***   WAVEWATCH III makefile  ***
                *****************************
 
switch = /scratch2/NCEPDEV/ocean/Henrique.Alves/GFSv16/UFS/ufs-weather-model/WW3/model/bin/switch
   new GRIB package
   Checking all subroutines for modules (this may take a while) ...
 
Processing ww3_grib
---------------------
make[2]: Entering directory `/scratch2/NCEPDEV/ocean/Henrique.Alves/GFSv16/UFS/ufs-weather-model/WW3/model/ftn'
ad3 : processing ww3_grib 
      Linking ww3_grib
make[2]: Leaving directory `/scratch2/NCEPDEV/ocean/Henrique.Alves/GFSv16/UFS/ufs-weather-model/WW3/model/ftn'
 
 
                       **********************
                     *** end of compilation ***
                       **********************
 
/scratch2/NCEPDEV/ocean/Henrique.Alves/GFSv16/UFS/ufs-weather-model/WW3/model/bin/w3_make ww3_multi_esmf
 
                *****************************
              ***   WAVEWATCH III make      ***
                *****************************
 
Main directory    : /scratch2/NCEPDEV/ocean/Henrique.Alves/GFSv16/UFS/ufs-weather-model/WW3/model
Scratch directory : /scratch2/NCEPDEV/ocean/Henrique.Alves/GFSv16/UFS/ufs-weather-model/WW3/model/tmp
Save source codes : yes
Save listings     : yes
Shared Object     : No
 
[INFO] list of the programs selected : ww3_multi_esmf
 
Processing ww3_multi_esmf
---------------------
make[2]: Entering directory `/scratch2/NCEPDEV/ocean/Henrique.Alves/GFSv16/UFS/ufs-weather-model/WW3/model/ftn'
r - wmmdatmd.o
r - w3gdatmd.o
r - w3wdatmd.o
r - w3adatmd.o
r - w3idatmd.o
r - w3odatmd.o
r - wmesmfmd.o
r - wminitmd.o
r - wmwavemd.o
r - wmfinlmd.o
r - wmgridmd.o
r - wmupdtmd.o
r - wminiomd.o
r - w3fldsmd.o
r - w3initmd.o
r - w3wavemd.o
r - w3wdasmd.o
r - w3updtmd.o
r - w3profsmd.o
r - w3pro3md.o
r - w3uqckmd.o
r - w3parall.o
r - w3triamd.o
r - w3srcemd.o
r - w3flx1md.o
r - w3src4md.o
r - w3snl1md.o
r - w3sbt1md.o
r - w3sdb1md.o
r - w3iogrmd.o
r - w3iogomd.o
r - w3iopomd.o
r - wmiopomd.o
r - w3iotrmd.o
r - w3iorsmd.o
r - w3iobcmd.o
r - w3iosfmd.o
r - w3partmd.o
r - constants.o
r - w3servmd.o
r - w3timemd.o
r - w3arrymd.o
r - w3dispmd.o
r - w3cspcmd.o
r - w3gsrumd.o
r - wmunitmd.o
r - w3nmlmultimd.o
r - scrip_constants.o
r - scrip_grids.o
r - scrip_iounitsmod.o
r - scrip_remap_vars.o
r - scrip_timers.o
r - scrip_errormod.o
r - scrip_interface.o
r - scrip_kindsmod.o
r - scrip_remap_conservative.o
r - wmscrpmd.o
r - scrip_netcdfmod.o
r - scrip_remap_write.o
r - scrip_remap_read.o
make[2]: Leaving directory `/scratch2/NCEPDEV/ocean/Henrique.Alves/GFSv16/UFS/ufs-weather-model/WW3/model/ftn'
 
 
                       **********************
                     *** end of compilation ***
                       **********************
 
/scratch2/NCEPDEV/ocean/Henrique.Alves/GFSv16/UFS/ufs-weather-model/WW3/model/bin/w3_make ww3_multi
 
                *****************************
              ***   WAVEWATCH III make      ***
                *****************************
 
Main directory    : /scratch2/NCEPDEV/ocean/Henrique.Alves/GFSv16/UFS/ufs-weather-model/WW3/model
Scratch directory : /scratch2/NCEPDEV/ocean/Henrique.Alves/GFSv16/UFS/ufs-weather-model/WW3/model/tmp
Save source codes : yes
Save listings     : yes
Shared Object     : No
 
[INFO] list of the programs selected : ww3_multi
 
Processing ww3_multi
---------------------
make[2]: Entering directory `/scratch2/NCEPDEV/ocean/Henrique.Alves/GFSv16/UFS/ufs-weather-model/WW3/model/ftn'
make[2]: `/scratch2/NCEPDEV/ocean/Henrique.Alves/GFSv16/UFS/ufs-weather-model/WW3/model/exe/ww3_multi' is up to date.
make[2]: Leaving directory `/scratch2/NCEPDEV/ocean/Henrique.Alves/GFSv16/UFS/ufs-weather-model/WW3/model/ftn'
 
 
                       **********************
                     *** end of compilation ***
                       **********************
 
make[1]: Leaving directory `/scratch2/NCEPDEV/ocean/Henrique.Alves/GFSv16/UFS/ufs-weather-model/WW3/model/esmf'
mkdir -p /scratch2/NCEPDEV/ocean/Henrique.Alves/GFSv16/UFS/ufs-weather-model/WW3/WW3_INSTALL
cp /scratch2/NCEPDEV/ocean/Henrique.Alves/GFSv16/UFS/ufs-weather-model/WW3/model/nuopc.mk /scratch2/NCEPDEV/ocean/Henrique.Alves/GFSv16/UFS/ufs-weather-model/WW3/WW3_INSTALL/.
test -d "/scratch2/NCEPDEV/ocean/Henrique.Alves/GFSv16/UFS/ufs-weather-model/WW3/WW3_INSTALL"
( \
echo "# Do not edit this file.  It is automatically generated." ; \
echo "# Edit the component list or /scratch2/NCEPDEV/ocean/Henrique.Alves/GFSv16/UFS/ufs-weather-model/NEMS/src/conf/configure.nems.NUOPC.in"                          ; \
echo ; cat "/scratch2/NCEPDEV/ocean/Henrique.Alves/GFSv16/UFS/ufs-weather-model/NEMS/src/conf/configure.nems.NUOPC.in"                                                 ; \
echo fms_mk="/scratch2/NCEPDEV/ocean/Henrique.Alves/GFSv16/UFS/ufs-weather-model/FMS/FMS_INSTALL/fms.mk" ; echo fv3_mk="/scratch2/NCEPDEV/ocean/Henrique.Alves/GFSv16/UFS/ufs-weather-model/FV3/FV3_INSTALL/fv3.mk" ; echo ww3_mk="/scratch2/NCEPDEV/ocean/Henrique.Alves/GFSv16/UFS/ufs-weather-model/WW3/WW3_INSTALL/nuopc.mk" ; ) > "/scratch2/NCEPDEV/ocean/Henrique.Alves/GFSv16/UFS/ufs-weather-model/NEMS/src/conf/configure.nems.NUOPC"
. /scratch2/NCEPDEV/ocean/Henrique.Alves/GFSv16/UFS/ufs-weather-model/NEMS/src/conf/module-setup.sh.inc ; stack=`ulimit -S -s`                  ; ulimit -S -s 200000                     ; module use /scratch2/NCEPDEV/ocean/Henrique.Alves/GFSv16/UFS/ufs-weather-model/NEMS/src/conf                 ; module load modules.nems              ; module list                           ; ulimit -S -s $stack                                         ; \
set -e                                                  ; \
for m in /scratch2/NCEPDEV/ocean/Henrique.Alves/GFSv16/UFS/ufs-weather-model/FMS/FMS_INSTALL/fms.mk /scratch2/NCEPDEV/ocean/Henrique.Alves/GFSv16/UFS/ufs-weather-model/FV3/FV3_INSTALL/fv3.mk /scratch2/NCEPDEV/ocean/Henrique.Alves/GFSv16/UFS/ufs-weather-model/WW3/WW3_INSTALL/nuopc.mk ; do                   \
  test -s $m                                           ; \
done                                                    ; \
echo build NEMS after /scratch2/NCEPDEV/ocean/Henrique.Alves/GFSv16/UFS/ufs-weather-model/FMS/FMS_INSTALL/fms.mk /scratch2/NCEPDEV/ocean/Henrique.Alves/GFSv16/UFS/ufs-weather-model/FV3/FV3_INSTALL/fv3.mk /scratch2/NCEPDEV/ocean/Henrique.Alves/GFSv16/UFS/ufs-weather-model/WW3/WW3_INSTALL/nuopc.mk         ; \
cd /scratch2/NCEPDEV/ocean/Henrique.Alves/GFSv16/UFS/ufs-weather-model/NEMS/src                                       ; \
make nems                              \
          COMPONENTS="FMS FV3 WW3"                      \
          FMS_DIR=/scratch2/NCEPDEV/ocean/Henrique.Alves/GFSv16/UFS/ufs-weather-model/FMS/FMS_INSTALL FV3_DIR=/scratch2/NCEPDEV/ocean/Henrique.Alves/GFSv16/UFS/ufs-weather-model/FV3/FV3_INSTALL WW3_DIR=/scratch2/NCEPDEV/ocean/Henrique.Alves/GFSv16/UFS/ufs-weather-model/WW3/WW3_INSTALL TARGET="/scratch2/NCEPDEV/ocean/Henrique.Alves/GFSv16/UFS/ufs-weather-model/NEMS/exe/NEMS.x"    ; \
test -x /scratch2/NCEPDEV/ocean/Henrique.Alves/GFSv16/UFS/ufs-weather-model/NEMS/exe/NEMS.x

Currently Loaded Modules:
  1) contrib            7) ip/3.0.2      13) g2tmpl/1.6.0    19) esmf/8.0.0
  2) sutils/default     8) nemsio/2.2.4  14) crtm/2.2.6      20) cmake/3.9.0
  3) intel/18.0.5.274   9) sp/2.0.3      15) jasper/1.900.1  21) modules.nems
  4) impi/2018.0.4     10) w3emc/2.3.1   16) png/1.2.44
  5) netcdf/4.7.0      11) w3nco/2.0.7   17) z/1.2.11
  6) bacio/2.0.3       12) g2/3.1.1      18) post/8.0.1

 

build NEMS after /scratch2/NCEPDEV/ocean/Henrique.Alves/GFSv16/UFS/ufs-weather-model/FMS/FMS_INSTALL/fms.mk /scratch2/NCEPDEV/ocean/Henrique.Alves/GFSv16/UFS/ufs-weather-model/FV3/FV3_INSTALL/fv3.mk /scratch2/NCEPDEV/ocean/Henrique.Alves/GFSv16/UFS/ufs-weather-model/WW3/WW3_INSTALL/nuopc.mk
Components in linker order: WW3 FV3 FMS
WW3: include /scratch2/NCEPDEV/ocean/Henrique.Alves/GFSv16/UFS/ufs-weather-model/WW3/WW3_INSTALL/nuopc.mk
FV3: include /scratch2/NCEPDEV/ocean/Henrique.Alves/GFSv16/UFS/ufs-weather-model/FV3/FV3_INSTALL/fv3.mk
FMS: include /scratch2/NCEPDEV/ocean/Henrique.Alves/GFSv16/UFS/ufs-weather-model/FMS/FMS_INSTALL/fms.mk
CPPFLAGS += ESMF_VERSION_STRING_GIT="ESMF_8_0_0"
CPPFLAGS += ESMF_VERSION_BETASNAPSHOT="'F'"
CPPFLAGS += ESMF_VERSION_MINOR="0"
CPPFLAGS += ESMF_VERSION_PATCHLEVEL="0"
CPPFLAGS += ESMF_VERSION_STRING="8.0.0"
CPPFLAGS += ESMF_VERSION_REVISION="0"
CPPFLAGS += ESMF_VERSION_MAJOR="8"
CPPFLAGS += ESMF_VERSION_PUBLIC="'T'"
make[1]: Entering directory `/scratch2/NCEPDEV/ocean/Henrique.Alves/GFSv16/UFS/ufs-weather-model/NEMS/src'
cd ENS_Cpl             && make stub
make[2]: Entering directory `/scratch2/NCEPDEV/ocean/Henrique.Alves/GFSv16/UFS/ufs-weather-model/NEMS/src/ENS_Cpl'
ar rv ENS_Cpl.a ENS_CplComp_ESMFMod_STUB.o
r - ENS_CplComp_ESMFMod_STUB.o
make[2]: Leaving directory `/scratch2/NCEPDEV/ocean/Henrique.Alves/GFSv16/UFS/ufs-weather-model/NEMS/src/ENS_Cpl'
echo libgocart is 
libgocart is
echo extlibs is /scratch2/NCEPDEV/nwprod/NCEPLIBS/compilers/intel/18.0.5.274/lib/libncep_post_v8.0.1_4.a /scratch2/NCEPDEV/nwprod/NCEPLIBS/compilers/intel/18.0.5.274/lib/libnemsio_v2.2.4.a /scratch2/NCEPDEV/nwprod/NCEPLIBS/compilers/intel/18.0.5.274/lib/libg2_v3.1.1_4.a /scratch2/NCEPDEV/nwprod/NCEPLIBS/compilers/intel/18.0.5.274/lib/libg2tmpl_v1.6.0.a /scratch2/NCEPDEV/nwprod/NCEPLIBS/compilers/intel/18.0.5.274/lib/libbacio_v2.0.3_4.a /scratch2/NCEPDEV/nwprod/NCEPLIBS/compilers/intel/18.0.5.274/lib/libsp_v2.0.3_d.a /scratch2/NCEPDEV/nwprod/NCEPLIBS/compilers/intel/18.0.5.274/lib/libw3emc_v2.3.1_d.a /scratch2/NCEPDEV/nwprod/NCEPLIBS/compilers/intel/18.0.5.274/lib/libw3nco_v2.0.7_d.a /scratch2/NCEPDEV/nwprod/NCEPLIBS/compilers/intel/18.0.5.274/lib/libcrtm_v2.2.6.a /scratch2/NCEPDEV/nwprod/NCEPLIBS/compilers/intel/18.0.5.274/lib/libpng_v1.2.44.a /scratch2/NCEPDEV/nwprod/NCEPLIBS/compilers/gnu/4.8.5/lib/libjasper_v1.900.1.a /scratch2/NCEPDEV/nwprod/NCEPLIBS/compilers/intel/18.0.5.274/lib/libz_v1.2.11.a -L/scratch1/NCEPDEV/nems/emc.nemspara/soft/esmf/8.0.0-intel18.0.5.274-impi2018.0.4-netcdf4.6.1/lib -Wl,-rpath,/scratch1/NCEPDEV/nems/emc.nemspara/soft/esmf/8.0.0-intel18.0.5.274-impi2018.0.4-netcdf4.6.1/lib -lesmf  -cxxlib -lrt -ldl -lnetcdff -lnetcdf  -qopenmp  -L/apps/netcdf/4.7.0/intel/18.0.5.274/lib -lnetcdff -lnetcdf
extlibs is /scratch2/NCEPDEV/nwprod/NCEPLIBS/compilers/intel/18.0.5.274/lib/libncep_post_v8.0.1_4.a /scratch2/NCEPDEV/nwprod/NCEPLIBS/compilers/intel/18.0.5.274/lib/libnemsio_v2.2.4.a /scratch2/NCEPDEV/nwprod/NCEPLIBS/compilers/intel/18.0.5.274/lib/libg2_v3.1.1_4.a /scratch2/NCEPDEV/nwprod/NCEPLIBS/compilers/intel/18.0.5.274/lib/libg2tmpl_v1.6.0.a /scratch2/NCEPDEV/nwprod/NCEPLIBS/compilers/intel/18.0.5.274/lib/libbacio_v2.0.3_4.a /scratch2/NCEPDEV/nwprod/NCEPLIBS/compilers/intel/18.0.5.274/lib/libsp_v2.0.3_d.a /scratch2/NCEPDEV/nwprod/NCEPLIBS/compilers/intel/18.0.5.274/lib/libw3emc_v2.3.1_d.a /scratch2/NCEPDEV/nwprod/NCEPLIBS/compilers/intel/18.0.5.274/lib/libw3nco_v2.0.7_d.a /scratch2/NCEPDEV/nwprod/NCEPLIBS/compilers/intel/18.0.5.274/lib/libcrtm_v2.2.6.a /scratch2/NCEPDEV/nwprod/NCEPLIBS/compilers/intel/18.0.5.274/lib/libpng_v1.2.44.a /scratch2/NCEPDEV/nwprod/NCEPLIBS/compilers/gnu/4.8.5/lib/libjasper_v1.900.1.a /scratch2/NCEPDEV/nwprod/NCEPLIBS/compilers/intel/18.0.5.274/lib/libz_v1.2.11.a -L/scratch1/NCEPDEV/nems/emc.nemspara/soft/esmf/8.0.0-intel18.0.5.274-impi2018.0.4-netcdf4.6.1/lib -Wl,-rpath,/scratch1/NCEPDEV/nems/emc.nemspara/soft/esmf/8.0.0-intel18.0.5.274-impi2018.0.4-netcdf4.6.1/lib -lesmf -cxxlib -lrt -ldl -lnetcdff -lnetcdf -qopenmp -L/apps/netcdf/4.7.0/intel/18.0.5.274/lib -lnetcdff -lnetcdf
mpiifort  -o /scratch2/NCEPDEV/ocean/Henrique.Alves/GFSv16/UFS/ufs-weather-model/NEMS/exe/NEMS.x MAIN_NEMS.o module_NEMS_UTILS.o module_MEDIATOR_methods.o module_MEDIATOR.o module_MEDIATOR_SpaceWeather.o module_EARTH_INTERNAL_STATE.o module_EARTH_GRID_COMP.o module_NEMS_INTERNAL_STATE.o module_NEMS_GRID_COMP.o module_NEMS_Rusage.o nems_c_rusage.o  /scratch2/NCEPDEV/ocean/Henrique.Alves/GFSv16/UFS/ufs-weather-model/WW3/model/obj_HYB/libww3_multi_esmf.a  /scratch2/NCEPDEV/ocean/Henrique.Alves/GFSv16/UFS/ufs-weather-model/FV3/FV3_INSTALL/libfv3cap.a /scratch2/NCEPDEV/ocean/Henrique.Alves/GFSv16/UFS/ufs-weather-model/FV3/FV3_INSTALL/libfv3core.a /scratch2/NCEPDEV/ocean/Henrique.Alves/GFSv16/UFS/ufs-weather-model/FV3/FV3_INSTALL/libfv3io.a /scratch2/NCEPDEV/ocean/Henrique.Alves/GFSv16/UFS/ufs-weather-model/FV3/FV3_INSTALL/libipd.a /scratch2/NCEPDEV/ocean/Henrique.Alves/GFSv16/UFS/ufs-weather-model/FV3/FV3_INSTALL/libgfsphys.a /scratch2/NCEPDEV/ocean/Henrique.Alves/GFSv16/UFS/ufs-weather-model/FV3/FV3_INSTALL/libfv3cpl.a /scratch2/NCEPDEV/ocean/Henrique.Alves/GFSv16/UFS/ufs-weather-model/FV3/FV3_INSTALL/libstochastic_physics.a /scratch2/NCEPDEV/ocean/Henrique.Alves/GFSv16/UFS/ufs-weather-model/FMS/FMS_INSTALL/libfms.a ENS_Cpl/ENS_Cpl.a /scratch2/NCEPDEV/nwprod/NCEPLIBS/compilers/intel/18.0.5.274/lib/libncep_post_v8.0.1_4.a /scratch2/NCEPDEV/nwprod/NCEPLIBS/compilers/intel/18.0.5.274/lib/libnemsio_v2.2.4.a /scratch2/NCEPDEV/nwprod/NCEPLIBS/compilers/intel/18.0.5.274/lib/libg2_v3.1.1_4.a /scratch2/NCEPDEV/nwprod/NCEPLIBS/compilers/intel/18.0.5.274/lib/libg2tmpl_v1.6.0.a /scratch2/NCEPDEV/nwprod/NCEPLIBS/compilers/intel/18.0.5.274/lib/libbacio_v2.0.3_4.a /scratch2/NCEPDEV/nwprod/NCEPLIBS/compilers/intel/18.0.5.274/lib/libsp_v2.0.3_d.a /scratch2/NCEPDEV/nwprod/NCEPLIBS/compilers/intel/18.0.5.274/lib/libw3emc_v2.3.1_d.a /scratch2/NCEPDEV/nwprod/NCEPLIBS/compilers/intel/18.0.5.274/lib/libw3nco_v2.0.7_d.a /scratch2/NCEPDEV/nwprod/NCEPLIBS/compilers/intel/18.0.5.274/lib/libcrtm_v2.2.6.a /scratch2/NCEPDEV/nwprod/NCEPLIBS/compilers/intel/18.0.5.274/lib/libpng_v1.2.44.a /scratch2/NCEPDEV/nwprod/NCEPLIBS/compilers/gnu/4.8.5/lib/libjasper_v1.900.1.a /scratch2/NCEPDEV/nwprod/NCEPLIBS/compilers/intel/18.0.5.274/lib/libz_v1.2.11.a -L/scratch1/NCEPDEV/nems/emc.nemspara/soft/esmf/8.0.0-intel18.0.5.274-impi2018.0.4-netcdf4.6.1/lib -Wl,-rpath,/scratch1/NCEPDEV/nems/emc.nemspara/soft/esmf/8.0.0-intel18.0.5.274-impi2018.0.4-netcdf4.6.1/lib -lesmf  -cxxlib -lrt -ldl -lnetcdff -lnetcdf  -qopenmp  -L/apps/netcdf/4.7.0/intel/18.0.5.274/lib -lnetcdff -lnetcdf  
/scratch2/NCEPDEV/nwprod/NCEPLIBS/compilers/gnu/4.8.5/lib/libjasper_v1.900.1.a(jas_stream.o): In function `jas_stream_tmpfile':
jas_stream.c:(.text+0x7a7): warning: the use of `tmpnam' is dangerous, better use `mkstemp'
/scratch2/NCEPDEV/ocean/Henrique.Alves/GFSv16/UFS/ufs-weather-model/NEMS/exe/NEMS.x is created.
make[1]: Leaving directory `/scratch2/NCEPDEV/ocean/Henrique.Alves/GFSv16/UFS/ufs-weather-model/NEMS/src'
+ cd /scratch2/NCEPDEV/ocean/Henrique.Alves/GFSv16/UFS/ufs-weather-model/NEMS/src
+ cp -fp ../exe/NEMS.x /scratch1/NCEPDEV/stmp2/Henrique.Alves/scrub/rtgen.273772/exec/fv3_ww3.exe
+ cp -fp conf/modules.nems /scratch1/NCEPDEV/stmp2/Henrique.Alves/scrub/rtgen.273772/include/modules_fv3_ww3
+ md5sum /scratch1/NCEPDEV/stmp2/Henrique.Alves/scrub/rtgen.273772/exec/fv3_ww3.exe
+ unset md5sum
+ unset OPTS
+ set -xe
+ set -xe
+ test -s /scratch1/NCEPDEV/stmp2/Henrique.Alves/scrub/rtgen.273772/exec/fv3_ww3.exe
+ test -x /scratch1/NCEPDEV/stmp2/Henrique.Alves/scrub/rtgen.273772/exec/fv3_ww3.exe
_______________________________________________________________
Start Epilog v19.07.23 on node h8c43 for job 2867415 :: Tue Jan 21 16:46:03 UTC 2020
Job 2867415 (not serial) finished for user Henrique.Alves in partition hera with exit code 0:0
_______________________________________________________________
End Epilogue v19.07.23 Tue Jan 21 16:46:03 UTC 2020
